Using pre-set license
Built from '6000.0/staging' branch; Version is '6000.0.27f1 (27c554a2199c) revision 2606420'; Using compiler version '193933523'; Build Type 'Release'
OS: 'Windows 11  (10.0.26100) 64bit EnterpriseS' Language: 'ru' Physical Memory: 16094 MB
BatchMode: 1, IsHumanControllingUs: 0, StartBugReporterOnCrash: 0, Is64bit: 1, IsPro: 1

COMMAND LINE ARGUMENTS:
C:\Program Files\Unity\Hub\Editor\6000.0.27f1\Editor\Unity.exe
-adb2
-batchMode
-noUpm
-name
AssetImportWorker1
-projectPath
E:/GitHub/Fractal
-logFile
Logs/AssetImportWorker1.log
-srvPort
58110
-job-worker-count
5
-background-job-worker-count
8
-asset-garbage-collectors
1
Successfully changed project path to: E:/GitHub/Fractal
E:/GitHub/Fractal
[UnityMemory] Configuration Parameters - Can be set up in boot.config
    "memorysetup-bucket-allocator-granularity=16"
    "memorysetup-bucket-allocator-bucket-count=8"
    "memorysetup-bucket-allocator-block-size=33554432"
    "memorysetup-bucket-allocator-block-count=8"
    "memorysetup-main-allocator-block-size=16777216"
    "memorysetup-thread-allocator-block-size=16777216"
    "memorysetup-gfx-main-allocator-block-size=16777216"
    "memorysetup-gfx-thread-allocator-block-size=16777216"
    "memorysetup-cache-allocator-block-size=4194304"
    "memorysetup-typetree-allocator-block-size=2097152"
    "memorysetup-profiler-bucket-allocator-granularity=16"
    "memorysetup-profiler-bucket-allocator-bucket-count=8"
    "memorysetup-profiler-bucket-allocator-block-size=33554432"
    "memorysetup-profiler-bucket-allocator-block-count=8"
    "memorysetup-profiler-allocator-block-size=16777216"
    "memorysetup-profiler-editor-allocator-block-size=1048576"
    "memorysetup-temp-allocator-size-main=16777216"
    "memorysetup-job-temp-allocator-block-size=2097152"
    "memorysetup-job-temp-allocator-block-size-background=1048576"
    "memorysetup-job-temp-allocator-reduction-small-platforms=262144"
    "memorysetup-allocator-temp-initial-block-size-main=262144"
    "memorysetup-allocator-temp-initial-block-size-worker=262144"
    "memorysetup-temp-allocator-size-background-worker=32768"
    "memorysetup-temp-allocator-size-job-worker=262144"
    "memorysetup-temp-allocator-size-preload-manager=33554432"
    "memorysetup-temp-allocator-size-nav-mesh-worker=65536"
    "memorysetup-temp-allocator-size-audio-worker=65536"
    "memorysetup-temp-allocator-size-cloud-worker=32768"
    "memorysetup-temp-allocator-size-gi-baking-worker=262144"
    "memorysetup-temp-allocator-size-gi-baking-worker=262144"
    "memorysetup-temp-allocator-size-gi-baking-worker=262144"
    "memorysetup-temp-allocator-size-gi-baking-worker=262144"
    "memorysetup-temp-allocator-size-gi-baking-worker=262144"
    "memorysetup-temp-allocator-size-gfx=262144"
Player connection [9756]  Target information:

Player connection [9756]  * "[IP] 192.168.1.67 [Port] 0 [Flags] 2 [Guid] 4015981585 [EditorId] 4015981585 [Version] 1048832 [Id] WindowsEditor(7,Gaming-Machine-3000) [Debug] 1 [PackageName] WindowsEditor [ProjectName] Editor" 

Player connection [9756]  * "[IP] 26.49.73.229 [Port] 0 [Flags] 2 [Guid] 4015981585 [EditorId] 4015981585 [Version] 1048832 [Id] WindowsEditor(7,Gaming-Machine-3000) [Debug] 1 [PackageName] WindowsEditor [ProjectName] Editor" 

Player connection [9756] Host joined multi-casting on [225.0.0.222:54997]...
Player connection [9756] Host joined alternative multi-casting on [225.0.0.222:34997]...
JobSystem: Creating JobQueue using job-worker-count value 5
[Physics::Module] Initialized fallback backend.
[Physics::Module] Id: 0xdecafbad
Library Redirect Path: Library/
[Physics::Module] Selected backend.
[Physics::Module] Name: PhysX
[Physics::Module] Id: 0xf2b8ea05
[Physics::Module] SDK Version: 4.1.2
[Physics::Module] Integration Version: 1.0.0
[Physics::Module] Threading Mode: Multi-Threaded
Refreshing native plugins compatible for Editor in 1.69 ms, found 6 plugins.
Preloading 0 native plugins for Editor in 0.00 ms.
Initialize engine version: 6000.0.27f1 (27c554a2199c)
[Subsystems] Discovering subsystems at path C:/Program Files/Unity/Hub/Editor/6000.0.27f1/Editor/Data/Resources/UnitySubsystems
[Subsystems] Discovering subsystems at path E:/GitHub/Fractal/Assets
GfxDevice: creating device client; kGfxThreadingModeNonThreaded
Direct3D:
    Version:  Direct3D 11.0 [level 11.1]
    Renderer: NVIDIA GeForce RTX 4070 (ID=0x2786)
    Vendor:   NVIDIA
    VRAM:     12012 MB
    Driver:   32.0.15.6603
Initialize mono
Mono path[0] = 'C:/Program Files/Unity/Hub/Editor/6000.0.27f1/Editor/Data/Managed'
Mono path[1] = 'C:/Program Files/Unity/Hub/Editor/6000.0.27f1/Editor/Data/MonoBleedingEdge/lib/mono/unityjit-win32'
Mono config path = 'C:/Program Files/Unity/Hub/Editor/6000.0.27f1/Editor/Data/MonoBleedingEdge/etc'
Using monoOptions --debugger-agent=transport=dt_socket,embedding=1,server=y,suspend=n,address=127.0.0.1:56192
Begin MonoManager ReloadAssembly
Registering precompiled unity dll's ...
Register platform support module: C:/Program Files/Unity/Hub/Editor/6000.0.27f1/Editor/Data/PlaybackEngines/WindowsStandaloneSupport/UnityEditor.WindowsStandalone.Extensions.dll
Register platform support module: C:/Program Files/Unity/Hub/Editor/6000.0.27f1/Editor/Data/PlaybackEngines/MetroSupport/UnityEditor.UWP.Extensions.dll
Registered in 0.001764 seconds.
- Loaded All Assemblies, in  0.368 seconds
Native extension for UWP target not found
Native extension for WindowsStandalone target not found
Mono: successfully reloaded assembly
- Finished resetting the current domain, in  0.319 seconds
Domain Reload Profiling: 687ms
	BeginReloadAssembly (118ms)
		ExecutionOrderSort (0ms)
		DisableScriptedObjects (0ms)
		BackupInstance (0ms)
		ReleaseScriptingObjects (0ms)
		CreateAndSetChildDomain (1ms)
	RebuildCommonClasses (39ms)
	RebuildNativeTypeToScriptingClass (15ms)
	initialDomainReloadingComplete (42ms)
	LoadAllAssembliesAndSetupDomain (153ms)
		LoadAssemblies (116ms)
		RebuildTransferFunctionScriptingTraits (0ms)
		AnalyzeDomain (150ms)
			TypeCache.Refresh (148ms)
				TypeCache.ScanAssembly (134ms)
			BuildScriptInfoCaches (0ms)
			ResolveRequiredComponents (1ms)
	FinalizeReload (320ms)
		ReleaseScriptCaches (0ms)
		RebuildScriptCaches (0ms)
		SetupLoadedEditorAssemblies (291ms)
			LogAssemblyErrors (0ms)
			InitializePlatformSupportModulesInManaged (31ms)
			SetLoadedEditorAssemblies (6ms)
			BeforeProcessingInitializeOnLoad (7ms)
			ProcessInitializeOnLoadAttributes (191ms)
			ProcessInitializeOnLoadMethodAttributes (54ms)
			AfterProcessingInitializeOnLoad (2ms)
			EditorAssembliesLoaded (0ms)
		ExecutionOrderSort2 (0ms)
		AwakeInstancesAfterBackupRestoration (0ms)
========================================================================
Worker process is ready to serve import requests
Import Worker Mode flag is 0x00
Begin MonoManager ReloadAssembly
- Loaded All Assemblies, in  0.852 seconds
Refreshing native plugins compatible for Editor in 1.96 ms, found 6 plugins.
Native extension for UWP target not found
Native extension for WindowsStandalone target not found
Mono: successfully reloaded assembly
Package Manager log level set to [2]
[Package Manager] Failed to launch server process. Reason: Unity was launched with the -noUpm command-line argument
[Package Manager] Unable to send message (not connected to server process).
[Package Manager] Cannot connect to Unity Package Manager local server
[Package Manager] Failed to launch server process. Reason: Unity was launched with the -noUpm command-line argument
[Package Manager] Unable to send message (not connected to server process).
[Package Manager] Cannot connect to Unity Package Manager local server
- Finished resetting the current domain, in  0.720 seconds
Domain Reload Profiling: 1571ms
	BeginReloadAssembly (347ms)
		ExecutionOrderSort (0ms)
		DisableScriptedObjects (5ms)
		BackupInstance (0ms)
		ReleaseScriptingObjects (0ms)
		CreateAndSetChildDomain (34ms)
	RebuildCommonClasses (37ms)
	RebuildNativeTypeToScriptingClass (10ms)
	initialDomainReloadingComplete (33ms)
	LoadAllAssembliesAndSetupDomain (424ms)
		LoadAssemblies (311ms)
		RebuildTransferFunctionScriptingTraits (0ms)
		AnalyzeDomain (200ms)
			TypeCache.Refresh (136ms)
				TypeCache.ScanAssembly (121ms)
			BuildScriptInfoCaches (54ms)
			ResolveRequiredComponents (8ms)
	FinalizeReload (720ms)
		ReleaseScriptCaches (0ms)
		RebuildScriptCaches (0ms)
		SetupLoadedEditorAssemblies (517ms)
			LogAssemblyErrors (0ms)
			InitializePlatformSupportModulesInManaged (2ms)
			SetLoadedEditorAssemblies (4ms)
			BeforeProcessingInitializeOnLoad (50ms)
			ProcessInitializeOnLoadAttributes (401ms)
			ProcessInitializeOnLoadMethodAttributes (55ms)
			AfterProcessingInitializeOnLoad (4ms)
			EditorAssembliesLoaded (0ms)
		ExecutionOrderSort2 (0ms)
		AwakeInstancesAfterBackupRestoration (6ms)
Launched and connected shader compiler UnityShaderCompiler.exe after 0.01 seconds
Refreshing native plugins compatible for Editor in 1.01 ms, found 6 plugins.
Preloading 0 native plugins for Editor in 0.00 ms.
Unloading 193 Unused Serialized files (Serialized files now loaded: 0)
Unloading 4420 unused Assets / (7.0 MB). Loaded Objects now: 5092.
Memory consumption went from 177.9 MB to 170.9 MB.
Total: 7.936100 ms (FindLiveObjects: 0.945300 ms CreateObjectMapping: 0.484300 ms MarkObjects: 4.357100 ms  DeleteObjects: 2.146700 ms)

========================================================================
Received Import Request.
  Time since last request: 20364.579497 seconds.
  path: Assets/Sprites/logo_team.png
  artifactKey: Guid(663f40e79b24cc94ea99d0ec18a33b70) Importer(815301076,1909f56bfc062723c751e8b465ee728b)
Start importing Assets/Sprites/logo_team.png using Guid(663f40e79b24cc94ea99d0ec18a33b70) Importer(815301076,1909f56bfc062723c751e8b465ee728b) (PreviewImporter) -> (artifact id: '9e4b375703210fc69f0862a3ecfd8d40') in 0.1228678 seconds
Number of updated asset objects reloaded before import = 0Number of asset objects unloaded after import = 3

========================================================================
Received Import Request.
  Time since last request: 773.356437 seconds.
  path: Assets/Objects/arch_celling.fbx
  artifactKey: Guid(a0b2e4c9c48b041429c141a9ea488433) Importer(815301076,1909f56bfc062723c751e8b465ee728b)
Start importing Assets/Objects/arch_celling.fbx using Guid(a0b2e4c9c48b041429c141a9ea488433) Importer(815301076,1909f56bfc062723c751e8b465ee728b) (PreviewImporter) -> (artifact id: '081c6e46ab9d83d24deaf8a568e2bbe2') in 0.1275621 seconds
Number of updated asset objects reloaded before import = 0Number of asset objects unloaded after import = 7

========================================================================
Received Import Request.
  Time since last request: 0.000021 seconds.
  path: Assets/Objects/sign.blend
  artifactKey: Guid(5f11eec1c58967b4cb603f6184ea9ee2) Importer(815301076,1909f56bfc062723c751e8b465ee728b)
Start importing Assets/Objects/sign.blend using Guid(5f11eec1c58967b4cb603f6184ea9ee2) Importer(815301076,1909f56bfc062723c751e8b465ee728b) (PreviewImporter) -> (artifact id: '16ea0e3be080709ff790540587214dc9') in 0.0316212 seconds
Number of updated asset objects reloaded before import = 0Number of asset objects unloaded after import = 9

========================================================================
Received Import Request.
  Time since last request: 0.000033 seconds.
  path: Assets/Objects/laser_gun.fbx
  artifactKey: Guid(f58729bfcec69cc41915a20cb3be48bf) Importer(815301076,1909f56bfc062723c751e8b465ee728b)
Start importing Assets/Objects/laser_gun.fbx using Guid(f58729bfcec69cc41915a20cb3be48bf) Importer(815301076,1909f56bfc062723c751e8b465ee728b) (PreviewImporter) -> (artifact id: 'db7777369dda0ae0f7aef8aa0da7d6ef') in 0.0374991 seconds
Number of updated asset objects reloaded before import = 0Number of asset objects unloaded after import = 32

========================================================================
Received Import Request.
  Time since last request: 0.000019 seconds.
  path: Assets/Objects/frame.fbx
  artifactKey: Guid(0e6c40f8a2144594a9106b68bac4dec1) Importer(815301076,1909f56bfc062723c751e8b465ee728b)
Start importing Assets/Objects/frame.fbx using Guid(0e6c40f8a2144594a9106b68bac4dec1) Importer(815301076,1909f56bfc062723c751e8b465ee728b) (PreviewImporter) -> (artifact id: '619e97ec514394f51613f6aecc30ba5e') in 0.0173354 seconds
Number of updated asset objects reloaded before import = 0Number of asset objects unloaded after import = 9

========================================================================
Received Import Request.
  Time since last request: 0.000015 seconds.
  path: Assets/Objects/Door_Window.fbx
  artifactKey: Guid(483f5b66069f1d94a929d6bb8b002626) Importer(815301076,1909f56bfc062723c751e8b465ee728b)
Start importing Assets/Objects/Door_Window.fbx using Guid(483f5b66069f1d94a929d6bb8b002626) Importer(815301076,1909f56bfc062723c751e8b465ee728b) (PreviewImporter) -> (artifact id: '6daf50baba40435950a0546abf17212e') in 0.0227786 seconds
Number of updated asset objects reloaded before import = 0Number of asset objects unloaded after import = 37

========================================================================
Received Import Request.
  Time since last request: 0.000119 seconds.
  path: Assets/Objects/relay.fbx
  artifactKey: Guid(d8e6b13f67f3a244591e4d277d88199a) Importer(815301076,1909f56bfc062723c751e8b465ee728b)
Start importing Assets/Objects/relay.fbx using Guid(d8e6b13f67f3a244591e4d277d88199a) Importer(815301076,1909f56bfc062723c751e8b465ee728b) (PreviewImporter) -> (artifact id: 'a00aa7d28efe624dc3807abea6566eba') in 0.0265205 seconds
Number of updated asset objects reloaded before import = 0Number of asset objects unloaded after import = 21

========================================================================
Received Import Request.
  Time since last request: 0.000013 seconds.
  path: Assets/Objects/catwalks.fbx
  artifactKey: Guid(f64a9616a0889ea4eb188f95cda5a28e) Importer(815301076,1909f56bfc062723c751e8b465ee728b)
Start importing Assets/Objects/catwalks.fbx using Guid(f64a9616a0889ea4eb188f95cda5a28e) Importer(815301076,1909f56bfc062723c751e8b465ee728b) (PreviewImporter) -> (artifact id: '98ba2d7ccc475f2faad53a3ec3126317') in 0.1344346 seconds
Number of updated asset objects reloaded before import = 0Number of asset objects unloaded after import = 99

========================================================================
Received Import Request.
  Time since last request: 0.000017 seconds.
  path: Assets/Objects/catwalk_stairs_two_ended.mat
  artifactKey: Guid(186a696177b092d4982e765caab6dd54) Importer(815301076,1909f56bfc062723c751e8b465ee728b)
Start importing Assets/Objects/catwalk_stairs_two_ended.mat using Guid(186a696177b092d4982e765caab6dd54) Importer(815301076,1909f56bfc062723c751e8b465ee728b) (PreviewImporter) -> (artifact id: '7ff2cc779493710624c0c706d07049db') in 0.0710984 seconds
Number of updated asset objects reloaded before import = 0Number of asset objects unloaded after import = 2

========================================================================
Received Import Request.
  Time since last request: 0.000023 seconds.
  path: Assets/Objects/glass.fbx
  artifactKey: Guid(fc725c988c20fdc4c97b65a3d5fa8833) Importer(815301076,1909f56bfc062723c751e8b465ee728b)
Start importing Assets/Objects/glass.fbx using Guid(fc725c988c20fdc4c97b65a3d5fa8833) Importer(815301076,1909f56bfc062723c751e8b465ee728b) (PreviewImporter) -> (artifact id: '2de5f309ceb3aa6fa3425e131eb4fd36') in 0.008837 seconds
Number of updated asset objects reloaded before import = 0Number of asset objects unloaded after import = 7

========================================================================
Received Import Request.
  Time since last request: 0.000018 seconds.
  path: Assets/Objects/catwalk_stairs_two_ended.fbx
  artifactKey: Guid(58102196b0e00f247a0970721ce097bf) Importer(815301076,1909f56bfc062723c751e8b465ee728b)
Start importing Assets/Objects/catwalk_stairs_two_ended.fbx using Guid(58102196b0e00f247a0970721ce097bf) Importer(815301076,1909f56bfc062723c751e8b465ee728b) (PreviewImporter) -> (artifact id: '6f3076148736bde0b15a6338d7dff62b') in 0.0264995 seconds
Number of updated asset objects reloaded before import = 0Number of asset objects unloaded after import = 14

========================================================================
Received Import Request.
  Time since last request: 0.000017 seconds.
  path: Assets/Objects/cave.fbx
  artifactKey: Guid(4d230f0a7589929479021bf534faa230) Importer(815301076,1909f56bfc062723c751e8b465ee728b)
Start importing Assets/Objects/cave.fbx using Guid(4d230f0a7589929479021bf534faa230) Importer(815301076,1909f56bfc062723c751e8b465ee728b) (PreviewImporter) -> (artifact id: 'e13baa43c7b32d66fff17c817552202f') in 0.0285717 seconds
Number of updated asset objects reloaded before import = 0Number of asset objects unloaded after import = 9

========================================================================
Received Import Request.
  Time since last request: 0.000017 seconds.
  path: Assets/Objects/shattered_glass.fbx
  artifactKey: Guid(bffeb9faf718cff4fa1948302f9eda7f) Importer(815301076,1909f56bfc062723c751e8b465ee728b)
Start importing Assets/Objects/shattered_glass.fbx using Guid(bffeb9faf718cff4fa1948302f9eda7f) Importer(815301076,1909f56bfc062723c751e8b465ee728b) (PreviewImporter) -> (artifact id: 'bb196dbc28d17398d4da2263cf8d4f13') in 0.0072393 seconds
Number of updated asset objects reloaded before import = 0Number of asset objects unloaded after import = 7

========================================================================
Received Import Request.
  Time since last request: 0.000048 seconds.
  path: Assets/Objects/Rectube.fbx
  artifactKey: Guid(5d68e51e23f002a498c5bffb93864493) Importer(815301076,1909f56bfc062723c751e8b465ee728b)
Start importing Assets/Objects/Rectube.fbx using Guid(5d68e51e23f002a498c5bffb93864493) Importer(815301076,1909f56bfc062723c751e8b465ee728b) (PreviewImporter) -> (artifact id: 'ea9d65c346cdca895c6e13b58ff4ff54') in 0.0127911 seconds
Number of updated asset objects reloaded before import = 0Number of asset objects unloaded after import = 9

========================================================================
Received Import Request.
  Time since last request: 0.000017 seconds.
  path: Assets/Objects/entrance.fbx
  artifactKey: Guid(8e33b82295ce2624797917e8d5aad4ea) Importer(815301076,1909f56bfc062723c751e8b465ee728b)
Start importing Assets/Objects/entrance.fbx using Guid(8e33b82295ce2624797917e8d5aad4ea) Importer(815301076,1909f56bfc062723c751e8b465ee728b) (PreviewImporter) -> (artifact id: 'cd85fc3259e83aba7d3d6ae4ad5a591a') in 0.1796965 seconds
Number of updated asset objects reloaded before import = 0Number of asset objects unloaded after import = 120

========================================================================
Received Import Request.
  Time since last request: 0.000019 seconds.
  path: Assets/Objects/box_new Variant.prefab
  artifactKey: Guid(23d97ed8c1cf55041b986ec0822d47dd) Importer(815301076,1909f56bfc062723c751e8b465ee728b)
Start importing Assets/Objects/box_new Variant.prefab using Guid(23d97ed8c1cf55041b986ec0822d47dd) Importer(815301076,1909f56bfc062723c751e8b465ee728b) (PreviewImporter) -> (artifact id: 'cba49cdf74f075719f3b3c9a4f32a3cd') in 0.0035117 seconds
Number of updated asset objects reloaded before import = 0Number of asset objects unloaded after import = 1

========================================================================
Received Import Request.
  Time since last request: 0.000056 seconds.
  path: Assets/Objects/door.fbx
  artifactKey: Guid(6bd2b15b85b690248849bb5bfeede0a5) Importer(815301076,1909f56bfc062723c751e8b465ee728b)
Start importing Assets/Objects/door.fbx using Guid(6bd2b15b85b690248849bb5bfeede0a5) Importer(815301076,1909f56bfc062723c751e8b465ee728b) (PreviewImporter) -> (artifact id: 'af89875d2f49ca8b58305156da2a2c3a') in 0.052309 seconds
Number of updated asset objects reloaded before import = 0Number of asset objects unloaded after import = 176

========================================================================
Received Import Request.
  Time since last request: 0.000016 seconds.
  path: Assets/Objects/Shelf.fbx
  artifactKey: Guid(78001567b9a64e24cb412fee8ffa9a8a) Importer(815301076,1909f56bfc062723c751e8b465ee728b)
Start importing Assets/Objects/Shelf.fbx using Guid(78001567b9a64e24cb412fee8ffa9a8a) Importer(815301076,1909f56bfc062723c751e8b465ee728b) (PreviewImporter) -> (artifact id: 'a67668a6d708dee41e91e81976cc1c19') in 0.0226473 seconds
Number of updated asset objects reloaded before import = 0Number of asset objects unloaded after import = 16

========================================================================
Received Import Request.
  Time since last request: 0.000014 seconds.
  path: Assets/Objects/ferns_and_vases.fbx
  artifactKey: Guid(8098e577f45530743af73a83479d1460) Importer(815301076,1909f56bfc062723c751e8b465ee728b)
Start importing Assets/Objects/ferns_and_vases.fbx using Guid(8098e577f45530743af73a83479d1460) Importer(815301076,1909f56bfc062723c751e8b465ee728b) (PreviewImporter) -> (artifact id: '4454850771d6c84d80dd82817d003c00') in 0.043487 seconds
Number of updated asset objects reloaded before import = 0Number of asset objects unloaded after import = 26

========================================================================
Received Import Request.
  Time since last request: 252.694696 seconds.
  path: Assets/Materials/_oor_wall.mat
  artifactKey: Guid(1ca2d12e62ec70c429b0bee257051278) Importer(815301076,1909f56bfc062723c751e8b465ee728b)
Start importing Assets/Materials/_oor_wall.mat using Guid(1ca2d12e62ec70c429b0bee257051278) Importer(815301076,1909f56bfc062723c751e8b465ee728b) (PreviewImporter) -> (artifact id: '7fc986f49e3da1f7a3bd8190cace77d5') in 0.0078204 seconds
Number of updated asset objects reloaded before import = 0Number of asset objects unloaded after import = 2

========================================================================
Received Import Request.
  Time since last request: 0.000016 seconds.
  path: Assets/Materials/Debug.mat
  artifactKey: Guid(6c18f0d336bc93c40becc734039dca7e) Importer(815301076,1909f56bfc062723c751e8b465ee728b)
Start importing Assets/Materials/Debug.mat using Guid(6c18f0d336bc93c40becc734039dca7e) Importer(815301076,1909f56bfc062723c751e8b465ee728b) (PreviewImporter) -> (artifact id: '992e57505d4c7422a527ab03862f1679') in 0.0437322 seconds
Number of updated asset objects reloaded before import = 0Number of asset objects unloaded after import = 3

========================================================================
Received Import Request.
  Time since last request: 0.000070 seconds.
  path: Assets/Materials/NeededColor 1.mat
  artifactKey: Guid(b027a0d2ca29c584396ad9b1fce325af) Importer(815301076,1909f56bfc062723c751e8b465ee728b)
Start importing Assets/Materials/NeededColor 1.mat using Guid(b027a0d2ca29c584396ad9b1fce325af) Importer(815301076,1909f56bfc062723c751e8b465ee728b) (PreviewImporter) -> (artifact id: '79e6c822f0e7637b275d242d9db4da8d') in 0.005814 seconds
Number of updated asset objects reloaded before import = 0Number of asset objects unloaded after import = 1

========================================================================
Received Import Request.
  Time since last request: 0.000036 seconds.
  path: Assets/Materials/wooden_planks.mat
  artifactKey: Guid(b5a7ef6d391751c4da67070aada31e85) Importer(815301076,1909f56bfc062723c751e8b465ee728b)
Start importing Assets/Materials/wooden_planks.mat using Guid(b5a7ef6d391751c4da67070aada31e85) Importer(815301076,1909f56bfc062723c751e8b465ee728b) (PreviewImporter) -> (artifact id: '453941ec87c5d0a78c830c1f5f2fa83c') in 0.0097783 seconds
Number of updated asset objects reloaded before import = 0Number of asset objects unloaded after import = 2

========================================================================
Received Import Request.
  Time since last request: 0.000019 seconds.
  path: Assets/Materials/light.mat
  artifactKey: Guid(93b5fc0479456844c863b73e1973ae95) Importer(815301076,1909f56bfc062723c751e8b465ee728b)
Start importing Assets/Materials/light.mat using Guid(93b5fc0479456844c863b73e1973ae95) Importer(815301076,1909f56bfc062723c751e8b465ee728b) (PreviewImporter) -> (artifact id: '65711e7127e038b920f5c67ccb53d3d7') in 0.0133123 seconds
Number of updated asset objects reloaded before import = 0Number of asset objects unloaded after import = 1

========================================================================
Received Import Request.
  Time since last request: 0.000034 seconds.
  path: Assets/Materials/wall_wood.mat
  artifactKey: Guid(1ef27efa45bae18459b6cb41615bffcd) Importer(815301076,1909f56bfc062723c751e8b465ee728b)
Start importing Assets/Materials/wall_wood.mat using Guid(1ef27efa45bae18459b6cb41615bffcd) Importer(815301076,1909f56bfc062723c751e8b465ee728b) (PreviewImporter) -> (artifact id: '2ae0a1669ab8ff64da093608c4078fcc') in 0.0162615 seconds
Number of updated asset objects reloaded before import = 0Number of asset objects unloaded after import = 2

========================================================================
Received Import Request.
  Time since last request: 0.000017 seconds.
  path: Assets/Materials/Trig.mat
  artifactKey: Guid(70b8cfb52768d534eb71625b9ddcb7ca) Importer(815301076,1909f56bfc062723c751e8b465ee728b)
Start importing Assets/Materials/Trig.mat using Guid(70b8cfb52768d534eb71625b9ddcb7ca) Importer(815301076,1909f56bfc062723c751e8b465ee728b) (PreviewImporter) -> (artifact id: '9e25d1f1a7d1d6a92c44100bb333de9d') in 0.0086804 seconds
Number of updated asset objects reloaded before import = 0Number of asset objects unloaded after import = 3

========================================================================
Received Import Request.
  Time since last request: 0.000014 seconds.
  path: Assets/Materials/floor_tiles_checkboard.mat
  artifactKey: Guid(756830b37b5936b4fb9a0d08c175b26d) Importer(815301076,1909f56bfc062723c751e8b465ee728b)
Start importing Assets/Materials/floor_tiles_checkboard.mat using Guid(756830b37b5936b4fb9a0d08c175b26d) Importer(815301076,1909f56bfc062723c751e8b465ee728b) (PreviewImporter) -> (artifact id: '7197390d6b04923b41f562934b1fdc39') in 0.1944912 seconds
Number of updated asset objects reloaded before import = 0Number of asset objects unloaded after import = 4

========================================================================
Received Import Request.
  Time since last request: 0.000015 seconds.
  path: Assets/Materials/mirror 1.mat
  artifactKey: Guid(dcafe589720176a47a4fc1eab9d799ba) Importer(815301076,1909f56bfc062723c751e8b465ee728b)
Start importing Assets/Materials/mirror 1.mat using Guid(dcafe589720176a47a4fc1eab9d799ba) Importer(815301076,1909f56bfc062723c751e8b465ee728b) (PreviewImporter) -> (artifact id: '9eb4fe1fda3615776a0b5ad761ff8908') in 0.009643 seconds
Number of updated asset objects reloaded before import = 0Number of asset objects unloaded after import = 2

========================================================================
Received Import Request.
  Time since last request: 0.000022 seconds.
  path: Assets/Materials/orange_plaser.mat
  artifactKey: Guid(3cc3c3f771691d74b991c965d19c16eb) Importer(815301076,1909f56bfc062723c751e8b465ee728b)
Start importing Assets/Materials/orange_plaser.mat using Guid(3cc3c3f771691d74b991c965d19c16eb) Importer(815301076,1909f56bfc062723c751e8b465ee728b) (PreviewImporter) -> (artifact id: 'b63fc3c2027a680f3fd28fa99161481a') in 0.0142215 seconds
Number of updated asset objects reloaded before import = 0Number of asset objects unloaded after import = 2

========================================================================
Received Import Request.
  Time since last request: 0.000016 seconds.
  path: Assets/Materials/GL_White.mat
  artifactKey: Guid(8626d59422aa7a74ab2642ea439fc02e) Importer(815301076,1909f56bfc062723c751e8b465ee728b)
Start importing Assets/Materials/GL_White.mat using Guid(8626d59422aa7a74ab2642ea439fc02e) Importer(815301076,1909f56bfc062723c751e8b465ee728b) (PreviewImporter) -> (artifact id: '99f7fc168c110d5ee9c0883a6c7ff02d') in 0.0066438 seconds
Number of updated asset objects reloaded before import = 0Number of asset objects unloaded after import = 2

========================================================================
Received Import Request.
  Time since last request: 0.000015 seconds.
  path: Assets/Materials/nodraw.mat
  artifactKey: Guid(47b6751ec22ef6947b2241055f3851e7) Importer(815301076,1909f56bfc062723c751e8b465ee728b)
Start importing Assets/Materials/nodraw.mat using Guid(47b6751ec22ef6947b2241055f3851e7) Importer(815301076,1909f56bfc062723c751e8b465ee728b) (PreviewImporter) -> (artifact id: 'a25eaeb85b46902e1581f05c6ea8d4dd') in 0.0055315 seconds
Number of updated asset objects reloaded before import = 0Number of asset objects unloaded after import = 2

========================================================================
Received Import Request.
  Time since last request: 0.000014 seconds.
  path: Assets/Materials/turnoff.mat
  artifactKey: Guid(5f188fde6cd40e54c925fecaaf077c62) Importer(815301076,1909f56bfc062723c751e8b465ee728b)
Start importing Assets/Materials/turnoff.mat using Guid(5f188fde6cd40e54c925fecaaf077c62) Importer(815301076,1909f56bfc062723c751e8b465ee728b) (PreviewImporter) -> (artifact id: '5148acf0f52235dbe925d66112f1798e') in 0.0047856 seconds
Number of updated asset objects reloaded before import = 0Number of asset objects unloaded after import = 1

========================================================================
Received Import Request.
  Time since last request: 0.000015 seconds.
  path: Assets/Materials/grid 1.mat
  artifactKey: Guid(c41d147930c6b1f48b182d855e83eaa2) Importer(815301076,1909f56bfc062723c751e8b465ee728b)
Start importing Assets/Materials/grid 1.mat using Guid(c41d147930c6b1f48b182d855e83eaa2) Importer(815301076,1909f56bfc062723c751e8b465ee728b) (PreviewImporter) -> (artifact id: 'a3e78b5e0a52b809ef03ae50c2019299') in 0.0066818 seconds
Number of updated asset objects reloaded before import = 0Number of asset objects unloaded after import = 2

========================================================================
Received Import Request.
  Time since last request: 0.000014 seconds.
  path: Assets/Materials/NeededColor.mat
  artifactKey: Guid(b33ab8f2dad6e5b4cab93c783bc7ca7d) Importer(815301076,1909f56bfc062723c751e8b465ee728b)
Start importing Assets/Materials/NeededColor.mat using Guid(b33ab8f2dad6e5b4cab93c783bc7ca7d) Importer(815301076,1909f56bfc062723c751e8b465ee728b) (PreviewImporter) -> (artifact id: '8c817d8176eae968a1668504bae64562') in 0.0048492 seconds
Number of updated asset objects reloaded before import = 0Number of asset objects unloaded after import = 1

========================================================================
Received Import Request.
  Time since last request: 0.000095 seconds.
  path: Assets/Materials/bricks_gray.mat
  artifactKey: Guid(0c01de7e63cb72144b2ca4982eb5f686) Importer(815301076,1909f56bfc062723c751e8b465ee728b)
Start importing Assets/Materials/bricks_gray.mat using Guid(0c01de7e63cb72144b2ca4982eb5f686) Importer(815301076,1909f56bfc062723c751e8b465ee728b) (PreviewImporter) -> (artifact id: 'dc737ab9c872eb8d7f0c360f0fedfde5') in 0.0062916 seconds
Number of updated asset objects reloaded before import = 0Number of asset objects unloaded after import = 2

========================================================================
Received Import Request.
  Time since last request: 0.000374 seconds.
  path: Assets/Materials/wall_double.mat
  artifactKey: Guid(0cdae23d03e7c3d4581f39ac17525e90) Importer(815301076,1909f56bfc062723c751e8b465ee728b)
Start importing Assets/Materials/wall_double.mat using Guid(0cdae23d03e7c3d4581f39ac17525e90) Importer(815301076,1909f56bfc062723c751e8b465ee728b) (PreviewImporter) -> (artifact id: 'ec32aa9a6eeeaba05a13f3863f7cccf3') in 0.0049564 seconds
Number of updated asset objects reloaded before import = 0Number of asset objects unloaded after import = 2

========================================================================
Received Import Request.
  Time since last request: 0.000015 seconds.
  path: Assets/Materials/Field.mat
  artifactKey: Guid(1e50b7636c67ce64e9a82d3a84efff98) Importer(815301076,1909f56bfc062723c751e8b465ee728b)
Start importing Assets/Materials/Field.mat using Guid(1e50b7636c67ce64e9a82d3a84efff98) Importer(815301076,1909f56bfc062723c751e8b465ee728b) (PreviewImporter) -> (artifact id: '2e8761c6215c158dde8130cc984a067e') in 0.1353031 seconds
Number of updated asset objects reloaded before import = 0Number of asset objects unloaded after import = 4

========================================================================
Received Import Request.
  Time since last request: 0.000022 seconds.
  path: Assets/Materials/wall_big.mat
  artifactKey: Guid(55e23b75c81f1ec43a7d2ecf143b4bbc) Importer(815301076,1909f56bfc062723c751e8b465ee728b)
Start importing Assets/Materials/wall_big.mat using Guid(55e23b75c81f1ec43a7d2ecf143b4bbc) Importer(815301076,1909f56bfc062723c751e8b465ee728b) (PreviewImporter) -> (artifact id: '03b43c758671ba8cc2861a4ce898fbcf') in 0.0053418 seconds
Number of updated asset objects reloaded before import = 0Number of asset objects unloaded after import = 2

========================================================================
Received Import Request.
  Time since last request: 0.000025 seconds.
  path: Assets/Materials/sign_raw.mat
  artifactKey: Guid(161074b837b36a94ba73214dd35b83c0) Importer(815301076,1909f56bfc062723c751e8b465ee728b)
Start importing Assets/Materials/sign_raw.mat using Guid(161074b837b36a94ba73214dd35b83c0) Importer(815301076,1909f56bfc062723c751e8b465ee728b) (PreviewImporter) -> (artifact id: 'a088ae63d91f439e2070e5ee6f0b6fbb') in 0.0069492 seconds
Number of updated asset objects reloaded before import = 0Number of asset objects unloaded after import = 2

========================================================================
Received Import Request.
  Time since last request: 0.000032 seconds.
  path: Assets/Materials/wall_big_ornament.mat
  artifactKey: Guid(1bcd32911a427144e9c16bd731977c72) Importer(815301076,1909f56bfc062723c751e8b465ee728b)
Start importing Assets/Materials/wall_big_ornament.mat using Guid(1bcd32911a427144e9c16bd731977c72) Importer(815301076,1909f56bfc062723c751e8b465ee728b) (PreviewImporter) -> (artifact id: 'c514325f08151bdad47f5748257bc695') in 0.0060676 seconds
Number of updated asset objects reloaded before import = 0Number of asset objects unloaded after import = 2

========================================================================
Received Import Request.
  Time since last request: 0.000015 seconds.
  path: Assets/Materials/brick_wall.mat
  artifactKey: Guid(158e007834076d54b9827868953258f5) Importer(815301076,1909f56bfc062723c751e8b465ee728b)
Start importing Assets/Materials/brick_wall.mat using Guid(158e007834076d54b9827868953258f5) Importer(815301076,1909f56bfc062723c751e8b465ee728b) (PreviewImporter) -> (artifact id: '7d372432cdf86247ec32b1ca8f894f7e') in 0.0078283 seconds
Number of updated asset objects reloaded before import = 0Number of asset objects unloaded after import = 2

========================================================================
Received Import Request.
  Time since last request: 0.000016 seconds.
  path: Assets/Materials/ceiling 1.mat
  artifactKey: Guid(37f01f4f2cfe998409441cd92444cf10) Importer(815301076,1909f56bfc062723c751e8b465ee728b)
Start importing Assets/Materials/ceiling 1.mat using Guid(37f01f4f2cfe998409441cd92444cf10) Importer(815301076,1909f56bfc062723c751e8b465ee728b) (PreviewImporter) -> (artifact id: '6aaf706f751905713221b5f78098549b') in 0.0058996 seconds
Number of updated asset objects reloaded before import = 0Number of asset objects unloaded after import = 2

========================================================================
Received Import Request.
  Time since last request: 0.000031 seconds.
  path: Assets/Materials/mirror_double.mat
  artifactKey: Guid(f4ca2737b21a6cf42bea09cd2effe35d) Importer(815301076,1909f56bfc062723c751e8b465ee728b)
Start importing Assets/Materials/mirror_double.mat using Guid(f4ca2737b21a6cf42bea09cd2effe35d) Importer(815301076,1909f56bfc062723c751e8b465ee728b) (PreviewImporter) -> (artifact id: '30a7a048075d9d47daeb68df9f651424') in 0.0067398 seconds
Number of updated asset objects reloaded before import = 0Number of asset objects unloaded after import = 2

========================================================================
Received Import Request.
  Time since last request: 0.000013 seconds.
  path: Assets/Materials/wall_big_crack.mat
  artifactKey: Guid(105878f975a879b47a6d38b4477d5895) Importer(815301076,1909f56bfc062723c751e8b465ee728b)
Start importing Assets/Materials/wall_big_crack.mat using Guid(105878f975a879b47a6d38b4477d5895) Importer(815301076,1909f56bfc062723c751e8b465ee728b) (PreviewImporter) -> (artifact id: 'b7935b77033f6f4ce3bb6edd049d00e7') in 0.0060577 seconds
Number of updated asset objects reloaded before import = 0Number of asset objects unloaded after import = 2

========================================================================
Received Import Request.
  Time since last request: 0.000014 seconds.
  path: Assets/Materials/the_door.mat
  artifactKey: Guid(a5f1cf7d934809449800522ef5230938) Importer(815301076,1909f56bfc062723c751e8b465ee728b)
Start importing Assets/Materials/the_door.mat using Guid(a5f1cf7d934809449800522ef5230938) Importer(815301076,1909f56bfc062723c751e8b465ee728b) (PreviewImporter) -> (artifact id: 'dbed503fe00264ae0d24651dfff55955') in 0.0062435 seconds
Number of updated asset objects reloaded before import = 0Number of asset objects unloaded after import = 2

========================================================================
Received Import Request.
  Time since last request: 0.000083 seconds.
  path: Assets/Materials/wall_double_dirty.mat
  artifactKey: Guid(3031b9e866f32fe4ab0ce7a31194fdf1) Importer(815301076,1909f56bfc062723c751e8b465ee728b)
Start importing Assets/Materials/wall_double_dirty.mat using Guid(3031b9e866f32fe4ab0ce7a31194fdf1) Importer(815301076,1909f56bfc062723c751e8b465ee728b) (PreviewImporter) -> (artifact id: 'c18170276853af1bb06f1baf539426b2') in 0.0071476 seconds
Number of updated asset objects reloaded before import = 0Number of asset objects unloaded after import = 2

========================================================================
Received Import Request.
  Time since last request: 0.000053 seconds.
  path: Assets/Materials/reciever.mat
  artifactKey: Guid(501032d7e778aac4385ce97883d21abe) Importer(815301076,1909f56bfc062723c751e8b465ee728b)
Start importing Assets/Materials/reciever.mat using Guid(501032d7e778aac4385ce97883d21abe) Importer(815301076,1909f56bfc062723c751e8b465ee728b) (PreviewImporter) -> (artifact id: 'e1942a61eb333e74df8e14c8bd0af9ff') in 0.0049452 seconds
Number of updated asset objects reloaded before import = 0Number of asset objects unloaded after import = 2

========================================================================
Received Import Request.
  Time since last request: 0.000014 seconds.
  path: Assets/Materials/wall_bottom_crack.mat
  artifactKey: Guid(7da7fc2038b72494f8ddfdc18a83752f) Importer(815301076,1909f56bfc062723c751e8b465ee728b)
Start importing Assets/Materials/wall_bottom_crack.mat using Guid(7da7fc2038b72494f8ddfdc18a83752f) Importer(815301076,1909f56bfc062723c751e8b465ee728b) (PreviewImporter) -> (artifact id: '3857bd5ca8970e46acaeabeebbf3a71e') in 0.0063497 seconds
Number of updated asset objects reloaded before import = 0Number of asset objects unloaded after import = 2

========================================================================
Received Import Request.
  Time since last request: 0.000017 seconds.
  path: Assets/Materials/wall_wood 1.mat
  artifactKey: Guid(8ef788ce6e0d97d4ca5f02b71a388635) Importer(815301076,1909f56bfc062723c751e8b465ee728b)
Start importing Assets/Materials/wall_wood 1.mat using Guid(8ef788ce6e0d97d4ca5f02b71a388635) Importer(815301076,1909f56bfc062723c751e8b465ee728b) (PreviewImporter) -> (artifact id: 'b5b34b25a396db2fb12d97dbdefa4f59') in 0.0068443 seconds
Number of updated asset objects reloaded before import = 0Number of asset objects unloaded after import = 2

Editor requested this worker to shutdown with reason: Scaling down because of idle timeout
AssetImportWorker is now disconnected from the server
Process exiting
Exiting without the bug reporter. Application will terminate with return code 0